<?xml version="1.0" encoding="utf-8" standalone="no"?>
<test-results xmlns:xsi="http://www.w3.org/2001/XMLSchema-instance" xsi:noNamespaceSchemaLocation="nunit_schema_2.5.xsd" name="Pester" total="15" errors="0" failures="13" not-run="0" inconclusive="0" ignored="0" skipped="0" invalid="0" date="2022-11-04" time="22:17:54">
  <environment machine-name="DESKTOP-CUSTOM" os-version="10.0.25231" cwd="C:\Users\jimmy\Documents\PowerShell\CustomModules\PSClearHost\Tests" nunit-version="2.5.8.0" user="jimmy" platform="Microsoft Windows 11 Pro Insider Preview|C:\WINDOWS|\Device\Harddisk0\Partition5" clr-version="Unknown" user-domain="DESKTOP-CUSTOM" />
  <culture-info current-culture="en-US" current-uiculture="en-US" />
  <test-suite type="TestFixture" name="Pester" executed="True" result="Failure" success="False" time="6.098" asserts="0" description="Pester">
    <results>
      <test-suite type="TestFixture" name="C:\Users\jimmy\Documents\PowerShell\CustomModules\PSClearHost\Tests\Manifest.Tests.ps1" executed="True" result="Failure" success="False" time="0.9376" asserts="0" description="C:\Users\jimmy\Documents\PowerShell\CustomModules\PSClearHost\Tests\Manifest.Tests.ps1">
        <results>
          <test-suite type="TestFixture" name="Module manifest" executed="True" result="Failure" success="False" time="0" asserts="0" description="Module manifest">
            <results>
              <test-suite type="TestFixture" name="Module manifest.Validation" executed="True" result="Failure" success="False" time="0" asserts="0" description="Module manifest.Validation">
                <results>
                  <test-case description="Has a valid manifest" name="Module manifest.Validation.Has a valid manifest" time="0" asserts="0" success="False" result="Failure" executed="True">
                    <failure>
                      <message>This test should run but it did not. Most likely a setup in some parent block failed.</message>
                      <stack-trace />
                    </failure>
                  </test-case>
                  <test-case description="Has a valid name in the manifest" name="Module manifest.Validation.Has a valid name in the manifest" time="0" asserts="0" success="False" result="Failure" executed="True">
                    <failure>
                      <message>This test should run but it did not. Most likely a setup in some parent block failed.</message>
                      <stack-trace />
                    </failure>
                  </test-case>
                  <test-case description="Has a valid root module" name="Module manifest.Validation.Has a valid root module" time="0" asserts="0" success="False" result="Failure" executed="True">
                    <failure>
                      <message>This test should run but it did not. Most likely a setup in some parent block failed.</message>
                      <stack-trace />
                    </failure>
                  </test-case>
                  <test-case description="Has a valid version in the manifest" name="Module manifest.Validation.Has a valid version in the manifest" time="0" asserts="0" success="False" result="Failure" executed="True">
                    <failure>
                      <message>This test should run but it did not. Most likely a setup in some parent block failed.</message>
                      <stack-trace />
                    </failure>
                  </test-case>
                  <test-case description="Has a valid description" name="Module manifest.Validation.Has a valid description" time="0" asserts="0" success="False" result="Failure" executed="True">
                    <failure>
                      <message>This test should run but it did not. Most likely a setup in some parent block failed.</message>
                      <stack-trace />
                    </failure>
                  </test-case>
                  <test-case description="Has a valid author" name="Module manifest.Validation.Has a valid author" time="0" asserts="0" success="False" result="Failure" executed="True">
                    <failure>
                      <message>This test should run but it did not. Most likely a setup in some parent block failed.</message>
                      <stack-trace />
                    </failure>
                  </test-case>
                  <test-case description="Has a valid guid" name="Module manifest.Validation.Has a valid guid" time="0" asserts="0" success="False" result="Failure" executed="True">
                    <failure>
                      <message>This test should run but it did not. Most likely a setup in some parent block failed.</message>
                      <stack-trace />
                    </failure>
                  </test-case>
                  <test-case description="Has a valid copyright" name="Module manifest.Validation.Has a valid copyright" time="0" asserts="0" success="False" result="Failure" executed="True">
                    <failure>
                      <message>This test should run but it did not. Most likely a setup in some parent block failed.</message>
                      <stack-trace />
                    </failure>
                  </test-case>
                  <test-case description="Has a valid version in the changelog" name="Module manifest.Validation.Has a valid version in the changelog" time="0" asserts="0" success="False" result="Failure" executed="True">
                    <failure>
                      <message>This test should run but it did not. Most likely a setup in some parent block failed.</message>
                      <stack-trace />
                    </failure>
                  </test-case>
                  <test-case description="Changelog and manifest versions are the same" name="Module manifest.Validation.Changelog and manifest versions are the same" time="0" asserts="0" success="False" result="Failure" executed="True">
                    <failure>
                      <message>This test should run but it did not. Most likely a setup in some parent block failed.</message>
                      <stack-trace />
                    </failure>
                  </test-case>
                </results>
              </test-suite>
            </results>
          </test-suite>
          <test-suite type="TestFixture" name="Git tagging" executed="True" result="Failure" success="False" time="0" asserts="0" description="Git tagging">
            <results>
              <test-case description="Is tagged with a valid version" name="Git tagging.Is tagged with a valid version" time="0" asserts="0" success="False" result="Failure" executed="True">
                <failure>
                  <message>This test should run but it did not. Most likely a setup in some parent block failed.</message>
                  <stack-trace />
                </failure>
              </test-case>
              <test-case description="Matches manifest version" name="Git tagging.Matches manifest version" time="0" asserts="0" success="False" result="Failure" executed="True">
                <failure>
                  <message>This test should run but it did not. Most likely a setup in some parent block failed.</message>
                  <stack-trace />
                </failure>
              </test-case>
            </results>
          </test-suite>
        </results>
      </test-suite>
      <test-suite type="TestFixture" name="C:\Users\jimmy\Documents\PowerShell\CustomModules\PSClearHost\Tests\Meta.Tests.ps1" executed="True" result="Success" success="True" time="0.6444" asserts="0" description="C:\Users\jimmy\Documents\PowerShell\CustomModules\PSClearHost\Tests\Meta.Tests.ps1">
        <results>
          <test-suite type="TestFixture" name="Text files formatting" executed="True" result="Success" success="True" time="0.1907" asserts="0" description="Text files formatting">
            <results>
              <test-suite type="TestFixture" name="Text files formatting.File encoding" executed="True" result="Success" success="True" time="0.1555" asserts="0" description="Text files formatting.File encoding">
                <results>
                  <test-case description="No text file uses Unicode/UTF-16 encoding" name="Text files formatting.File encoding.No text file uses Unicode/UTF-16 encoding" time="0.1416" asserts="0" success="True" result="Success" executed="True" />
                </results>
              </test-suite>
              <test-suite type="TestFixture" name="Text files formatting.Indentations" executed="True" result="Success" success="True" time="0.1733" asserts="0" description="Text files formatting.Indentations">
                <results>
                  <test-case description="No text file use tabs for indentations" name="Text files formatting.Indentations.No text file use tabs for indentations" time="0.0147" asserts="0" success="True" result="Success" executed="True" />
                </results>
              </test-suite>
            </results>
          </test-suite>
        </results>
      </test-suite>
      <test-suite type="TestFixture" name="C:\Users\jimmy\Documents\PowerShell\CustomModules\PSClearHost\Tests\PSClearHost.Tests.ps1" executed="True" result="Failure" success="False" time="4.2389" asserts="0" description="C:\Users\jimmy\Documents\PowerShell\CustomModules\PSClearHost\Tests\PSClearHost.Tests.ps1">
        <results>
          <test-suite type="TestFixture" name="PSClearHost" executed="True" result="Failure" success="False" time="3.2767" asserts="0" description="PSClearHost">
            <results>
              <test-case description="shows no warnings and errors of PSScriptAnalyzer" name="PSClearHost.shows no warnings and errors of PSScriptAnalyzer" time="3.2679" asserts="0" success="False" result="Failure" executed="True">
                <failure>
                  <message>Expected 0, but got 42.</message>
                  <stack-trace>at $result.Count | Should -Be 0, C:\Users\jimmy\Documents\PowerShell\CustomModules\PSClearHost\Tests\PSClearHost.Tests.ps1:11
at &lt;ScriptBlock&gt;, C:\Users\jimmy\Documents\PowerShell\CustomModules\PSClearHost\Tests\PSClearHost.Tests.ps1:11</stack-trace>
                </failure>
              </test-case>
            </results>
          </test-suite>
        </results>
      </test-suite>
    </results>
  </test-suite>
</test-results>